[debug] [2022-08-30T21:58:17.056Z] ----------------------------------------------------------------------
[debug] [2022-08-30T21:58:17.058Z] Command:       C:\Program Files\nodejs\node.exe C:\Users\keana\AppData\Roaming\npm\node_modules\firebase-tools\lib\bin\firebase.js init
[debug] [2022-08-30T21:58:17.059Z] CLI Version:   11.8.0
[debug] [2022-08-30T21:58:17.059Z] Platform:      win32
[debug] [2022-08-30T21:58:17.059Z] Node Version:  v16.17.0
[debug] [2022-08-30T21:58:17.060Z] Time:          Tue Aug 30 2022 22:58:17 GMT+0100 (Irish Standard Time)
[debug] [2022-08-30T21:58:17.060Z] ----------------------------------------------------------------------
[debug] 
[debug] [2022-08-30T21:58:17.130Z] > command requires scopes: ["email","openid","https://www.googleapis.com/auth/cloudplatformprojects.readonly","https://www.googleapis.com/auth/firebase","https://www.googleapis.com/auth/cloud-platform"]
[debug] [2022-08-30T21:58:17.131Z] > authorizing via signed-in user (keananmcdonald5@gmail.com)
[info] 
     ######## #### ########  ######## ########     ###     ######  ########
     ##        ##  ##     ## ##       ##     ##  ##   ##  ##       ##
     ######    ##  ########  ######   ########  #########  ######  ######
     ##        ##  ##    ##  ##       ##     ## ##     ##       ## ##
     ##       #### ##     ## ######## ########  ##     ##  ######  ########

You're about to initialize a Firebase project in this directory:

  G:\CollegeShit\Year 3\Repeat attempt 2\OSD-Repeat

Before we get started, keep in mind:

  * You are initializing within an existing Firebase project directory

[info] 
=== Project Setup
[info] 
[info] First, let's associate this project directory with a Firebase project.
[info] You can create multiple project aliases by running firebase use --add, 
[info] but for now we'll just set up a default project.
[info] 
[debug] [2022-08-30T21:58:39.447Z] Using project from CLI flag: osd-repeat-b35ec
[debug] [2022-08-30T21:58:39.450Z] >>> [apiv2][query] GET https://firebase.googleapis.com/v1beta1/projects/osd-repeat-b35ec [none]
[debug] [2022-08-30T21:58:39.800Z] <<< [apiv2][status] GET https://firebase.googleapis.com/v1beta1/projects/osd-repeat-b35ec 200
[debug] [2022-08-30T21:58:39.800Z] <<< [apiv2][body] GET https://firebase.googleapis.com/v1beta1/projects/osd-repeat-b35ec {"projectId":"osd-repeat-b35ec","projectNumber":"489019813758","displayName":"OSD-Repeat","name":"projects/osd-repeat-b35ec","resources":{"hostingSite":"osd-repeat-b35ec","realtimeDatabaseInstance":"osd-repeat-b35ec-default-rtdb"},"state":"ACTIVE","etag":"1_cca1176a-6b74-4eb6-bec1-da602da3f031"}
[info] i  Using project osd-repeat-b35ec (OSD-Repeat) 
[info] 
=== Database Setup
[info] i  database: ensuring required API firebasedatabase.googleapis.com is enabled... 
[debug] [2022-08-30T21:58:39.807Z] >>> [apiv2][query] GET https://serviceusage.googleapis.com/v1/projects/osd-repeat-b35ec/services/firebasedatabase.googleapis.com [none]
[debug] [2022-08-30T21:58:40.624Z] <<< [apiv2][status] GET https://serviceusage.googleapis.com/v1/projects/osd-repeat-b35ec/services/firebasedatabase.googleapis.com 200
[debug] [2022-08-30T21:58:40.624Z] <<< [apiv2][body] GET https://serviceusage.googleapis.com/v1/projects/osd-repeat-b35ec/services/firebasedatabase.googleapis.com [omitted]
[info] +  database: required API firebasedatabase.googleapis.com is enabled 
[info] 
[debug] [2022-08-30T21:58:40.625Z] >>> [apiv2][query] GET https://firebasedatabase.googleapis.com/v1beta/projects/osd-repeat-b35ec/locations/-/instances/osd-repeat-b35ec-default-rtdb [none]
[debug] [2022-08-30T21:58:40.966Z] <<< [apiv2][status] GET https://firebasedatabase.googleapis.com/v1beta/projects/osd-repeat-b35ec/locations/-/instances/osd-repeat-b35ec-default-rtdb 200
[debug] [2022-08-30T21:58:40.966Z] <<< [apiv2][body] GET https://firebasedatabase.googleapis.com/v1beta/projects/osd-repeat-b35ec/locations/-/instances/osd-repeat-b35ec-default-rtdb {"name":"projects/489019813758/locations/us-central1/instances/osd-repeat-b35ec-default-rtdb","project":"projects/489019813758","databaseUrl":"https://osd-repeat-b35ec-default-rtdb.firebaseio.com","type":"DEFAULT_DATABASE","state":"ACTIVE"}
[info] 
[info] Firebase Realtime Database Security Rules allow you to define how your data should be
[info] structured and when your data can be read from and written to.
[info] 
[debug] [2022-08-30T21:58:50.199Z] >>> [apiv2][query] GET https://osd-repeat-b35ec-default-rtdb.firebaseio.com/.settings/rules.json [none]
[debug] [2022-08-30T21:58:50.522Z] <<< [apiv2][status] GET https://osd-repeat-b35ec-default-rtdb.firebaseio.com/.settings/rules.json 200
[debug] [2022-08-30T21:58:50.522Z] <<< [apiv2][body] GET https://osd-repeat-b35ec-default-rtdb.firebaseio.com/.settings/rules.json [stream]
[info] +  Database Rules for osd-repeat-b35ec-default-rtdb have been written to database.rules.json. 
[info] Future modifications to database.rules.json will update Realtime Database Security Rules when you run
[info] firebase deploy.
[info] 
=== Functions Setup
[info] 
[info] A functions directory will be created in your project with sample code
[info] pre-configured. Functions can be deployed with firebase deploy.
[info] 
[debug] [2022-08-30T21:58:50.526Z] > command requires scopes: ["email","openid","https://www.googleapis.com/auth/cloudplatformprojects.readonly","https://www.googleapis.com/auth/firebase","https://www.googleapis.com/auth/cloud-platform"]
[debug] [2022-08-30T21:58:50.526Z] > authorizing via signed-in user (keananmcdonald5@gmail.com)
[debug] [2022-08-30T21:58:50.526Z] [iam] checking project osd-repeat-b35ec for permissions ["firebase.projects.get"]
[debug] [2022-08-30T21:58:50.527Z] >>> [apiv2][query] POST https://cloudresourcemanager.googleapis.com/v1/projects/osd-repeat-b35ec:testIamPermissions [none]
[debug] [2022-08-30T21:58:50.527Z] >>> [apiv2][(partial)header] POST https://cloudresourcemanager.googleapis.com/v1/projects/osd-repeat-b35ec:testIamPermissions x-goog-quota-user=projects/osd-repeat-b35ec
[debug] [2022-08-30T21:58:50.527Z] >>> [apiv2][body] POST https://cloudresourcemanager.googleapis.com/v1/projects/osd-repeat-b35ec:testIamPermissions {"permissions":["firebase.projects.get"]}
[debug] [2022-08-30T21:58:50.702Z] <<< [apiv2][status] POST https://cloudresourcemanager.googleapis.com/v1/projects/osd-repeat-b35ec:testIamPermissions 200
[debug] [2022-08-30T21:58:50.702Z] <<< [apiv2][body] POST https://cloudresourcemanager.googleapis.com/v1/projects/osd-repeat-b35ec:testIamPermissions {"permissions":["firebase.projects.get"]}
[debug] [2022-08-30T21:58:50.702Z] >>> [apiv2][query] GET https://serviceusage.googleapis.com/v1/projects/osd-repeat-b35ec/services/cloudfunctions.googleapis.com [none]
[debug] [2022-08-30T21:58:50.704Z] >>> [apiv2][query] GET https://serviceusage.googleapis.com/v1/projects/osd-repeat-b35ec/services/runtimeconfig.googleapis.com [none]
[debug] [2022-08-30T21:58:51.528Z] <<< [apiv2][status] GET https://serviceusage.googleapis.com/v1/projects/osd-repeat-b35ec/services/cloudfunctions.googleapis.com 200
[debug] [2022-08-30T21:58:51.528Z] <<< [apiv2][body] GET https://serviceusage.googleapis.com/v1/projects/osd-repeat-b35ec/services/cloudfunctions.googleapis.com [omitted]
[debug] [2022-08-30T21:58:51.537Z] <<< [apiv2][status] GET https://serviceusage.googleapis.com/v1/projects/osd-repeat-b35ec/services/runtimeconfig.googleapis.com 200
[debug] [2022-08-30T21:58:51.537Z] <<< [apiv2][body] GET https://serviceusage.googleapis.com/v1/projects/osd-repeat-b35ec/services/runtimeconfig.googleapis.com [omitted]
